<?xml version="1.0" encoding="UTF-8"?>
<testsuite name="com.studymap.web.PostsApiControllerTest" tests="2" skipped="0" failures="0" errors="0" timestamp="2021-05-10T16:53:47" hostname="DESKTOP-LGJ8J91" time="0.166">
  <properties/>
  <testcase name="Posts_등록된다()" classname="com.studymap.web.PostsApiControllerTest" time="0.122"/>
  <testcase name="Posts_수정되다()" classname="com.studymap.web.PostsApiControllerTest" time="0.043"/>
  <system-out><![CDATA[2021-05-11 01:53:47.615  INFO 8568 --- [    Test worker] .b.t.c.SpringBootTestContextBootstrapper : Neither @ContextConfiguration nor @ContextHierarchy found for test class [com.studymap.web.PostsApiControllerTest], using SpringBootContextLoader
2021-05-11 01:53:47.617  INFO 8568 --- [    Test worker] o.s.t.c.support.AbstractContextLoader    : Could not detect default resource locations for test class [com.studymap.web.PostsApiControllerTest]: no resource found for suffixes {-context.xml, Context.groovy}.
2021-05-11 01:53:47.617  INFO 8568 --- [    Test worker] t.c.s.AnnotationConfigContextLoaderUtils : Could not detect default configuration classes for test class [com.studymap.web.PostsApiControllerTest]: PostsApiControllerTest does not declare any static, non-private, non-final, nested classes annotated with @Configuration.
2021-05-11 01:53:47.621  INFO 8568 --- [    Test worker] .b.t.c.SpringBootTestContextBootstrapper : Found @SpringBootConfiguration com.studymap.Application for test class com.studymap.web.PostsApiControllerTest
2021-05-11 01:53:47.623  INFO 8568 --- [    Test worker] .b.t.c.SpringBootTestContextBootstrapper : Loaded default TestExecutionListener class names from location [META-INF/spring.factories]: [org.springframework.security.test.context.support.WithSecurityContextTestExecutionListener, org.springframework.security.test.context.support.ReactorContextTestExecutionListener, org.springframework.boot.test.autoconfigure.restdocs.RestDocsTestExecutionListener, org.springframework.boot.test.autoconfigure.web.client.MockRestServiceServerResetTestExecutionListener, org.springframework.boot.test.autoconfigure.web.servlet.MockMvcPrintOnlyOnFailureTestExecutionListener, org.springframework.boot.test.autoconfigure.web.servlet.WebDriverTestExecutionListener, org.springframework.boot.test.autoconfigure.webservices.client.MockWebServiceServerTestExecutionListener, org.springframework.boot.test.mock.mockito.MockitoTestExecutionListener, org.springframework.boot.test.mock.mockito.ResetMocksTestExecutionListener, org.springframework.test.context.web.ServletTestExecutionListener, org.springframework.test.context.support.DirtiesContextBeforeModesTestExecutionListener, org.springframework.test.context.support.DependencyInjectionTestExecutionListener, org.springframework.test.context.support.DirtiesContextTestExecutionListener, org.springframework.test.context.transaction.TransactionalTestExecutionListener, org.springframework.test.context.jdbc.SqlScriptsTestExecutionListener, org.springframework.test.context.event.EventPublishingTestExecutionListener]
2021-05-11 01:53:47.625  INFO 8568 --- [    Test worker] .b.t.c.SpringBootTestContextBootstrapper : Using TestExecutionListeners: [org.springframework.test.context.web.ServletTestExecutionListener@55b52f13, org.springframework.test.context.support.DirtiesContextBeforeModesTestExecutionListener@231a857, org.springframework.boot.test.mock.mockito.MockitoTestExecutionListener@701521e5, org.springframework.boot.test.autoconfigure.SpringBootDependencyInjectionTestExecutionListener@28c1abc9, org.springframework.test.context.support.DirtiesContextTestExecutionListener@5470c475, org.springframework.test.context.transaction.TransactionalTestExecutionListener@5b8cbdbc, org.springframework.test.context.jdbc.SqlScriptsTestExecutionListener@24fa521, org.springframework.security.test.context.support.WithSecurityContextTestExecutionListener@2775c942, org.springframework.test.context.event.EventPublishingTestExecutionListener@7574f2b5, org.springframework.security.test.context.support.ReactorContextTestExecutionListener@4b2bc0fa, org.springframework.boot.test.autoconfigure.restdocs.RestDocsTestExecutionListener@34b20213, org.springframework.boot.test.autoconfigure.web.client.MockRestServiceServerResetTestExecutionListener@3d04f21e, org.springframework.boot.test.autoconfigure.web.servlet.MockMvcPrintOnlyOnFailureTestExecutionListener@6f374e51, org.springframework.boot.test.autoconfigure.web.servlet.WebDriverTestExecutionListener@7a0e6f5d, org.springframework.boot.test.autoconfigure.webservices.client.MockWebServiceServerTestExecutionListener@5e884895, org.springframework.boot.test.mock.mockito.ResetMocksTestExecutionListener@4406c558]
2021-05-11 01:53:47.646  INFO 8568 --- [    Test worker] o.a.c.c.C.[Tomcat].[localhost].[/]       : Initializing Spring TestDispatcherServlet ''
2021-05-11 01:53:47.646  INFO 8568 --- [    Test worker] o.s.t.web.servlet.TestDispatcherServlet  : Initializing Servlet ''
2021-05-11 01:53:47.647  INFO 8568 --- [    Test worker] o.s.t.web.servlet.TestDispatcherServlet  : Completed initialization in 1 ms
Hibernate: insert into posts (created_date, modified_date, author, content, title) values (?, ?, ?, ?, ?)
Hibernate: select posts0_.id as id1_0_, posts0_.created_date as created_2_0_, posts0_.modified_date as modified3_0_, posts0_.author as author4_0_, posts0_.content as content5_0_, posts0_.title as title6_0_ from posts posts0_
Hibernate: select posts0_.id as id1_0_, posts0_.created_date as created_2_0_, posts0_.modified_date as modified3_0_, posts0_.author as author4_0_, posts0_.content as content5_0_, posts0_.title as title6_0_ from posts posts0_
Hibernate: delete from posts where id=?
2021-05-11 01:53:47.759  INFO 8568 --- [    Test worker] o.a.c.c.C.[Tomcat].[localhost].[/]       : Initializing Spring TestDispatcherServlet ''
2021-05-11 01:53:47.760  INFO 8568 --- [    Test worker] o.s.t.web.servlet.TestDispatcherServlet  : Initializing Servlet ''
2021-05-11 01:53:47.761  INFO 8568 --- [    Test worker] o.s.t.web.servlet.TestDispatcherServlet  : Completed initialization in 1 ms
Hibernate: insert into posts (created_date, modified_date, author, content, title) values (?, ?, ?, ?, ?)
Hibernate: select posts0_.id as id1_0_0_, posts0_.created_date as created_2_0_0_, posts0_.modified_date as modified3_0_0_, posts0_.author as author4_0_0_, posts0_.content as content5_0_0_, posts0_.title as title6_0_0_ from posts posts0_ where posts0_.id=?
Hibernate: update posts set created_date=?, modified_date=?, author=?, content=?, title=? where id=?
Hibernate: select posts0_.id as id1_0_, posts0_.created_date as created_2_0_, posts0_.modified_date as modified3_0_, posts0_.author as author4_0_, posts0_.content as content5_0_, posts0_.title as title6_0_ from posts posts0_
Hibernate: select posts0_.id as id1_0_, posts0_.created_date as created_2_0_, posts0_.modified_date as modified3_0_, posts0_.author as author4_0_, posts0_.content as content5_0_, posts0_.title as title6_0_ from posts posts0_
Hibernate: delete from posts where id=?
]]></system-out>
  <system-err><![CDATA[]]></system-err>
</testsuite>
