<?xml version="1.0" encoding="UTF-8"?>
<testsuite name="com.studymap.web.PostsApiControllerTest" tests="2" skipped="0" failures="0" errors="0" timestamp="2021-04-08T21:07:42" hostname="LAPTOP-0H2LH4CP" time="0.111">
  <properties/>
  <testcase name="Posts_등록된다()" classname="com.studymap.web.PostsApiControllerTest" time="0.082"/>
  <testcase name="Posts_수정되다()" classname="com.studymap.web.PostsApiControllerTest" time="0.028"/>
  <system-out><![CDATA[2021-04-09 06:07:42.516  INFO 5268 --- [    Test worker] .b.t.c.SpringBootTestContextBootstrapper : Neither @ContextConfiguration nor @ContextHierarchy found for test class [com.studymap.web.PostsApiControllerTest], using SpringBootContextLoader
2021-04-09 06:07:42.516  INFO 5268 --- [    Test worker] o.s.t.c.support.AbstractContextLoader    : Could not detect default resource locations for test class [com.studymap.web.PostsApiControllerTest]: no resource found for suffixes {-context.xml, Context.groovy}.
2021-04-09 06:07:42.516  INFO 5268 --- [    Test worker] t.c.s.AnnotationConfigContextLoaderUtils : Could not detect default configuration classes for test class [com.studymap.web.PostsApiControllerTest]: PostsApiControllerTest does not declare any static, non-private, non-final, nested classes annotated with @Configuration.
2021-04-09 06:07:42.516  INFO 5268 --- [    Test worker] .b.t.c.SpringBootTestContextBootstrapper : Found @SpringBootConfiguration com.studymap.Application for test class com.studymap.web.PostsApiControllerTest
2021-04-09 06:07:42.516  INFO 5268 --- [    Test worker] .b.t.c.SpringBootTestContextBootstrapper : Loaded default TestExecutionListener class names from location [META-INF/spring.factories]: [org.springframework.security.test.context.support.WithSecurityContextTestExecutionListener, org.springframework.security.test.context.support.ReactorContextTestExecutionListener, org.springframework.boot.test.autoconfigure.restdocs.RestDocsTestExecutionListener, org.springframework.boot.test.autoconfigure.web.client.MockRestServiceServerResetTestExecutionListener, org.springframework.boot.test.autoconfigure.web.servlet.MockMvcPrintOnlyOnFailureTestExecutionListener, org.springframework.boot.test.autoconfigure.web.servlet.WebDriverTestExecutionListener, org.springframework.boot.test.autoconfigure.webservices.client.MockWebServiceServerTestExecutionListener, org.springframework.boot.test.mock.mockito.MockitoTestExecutionListener, org.springframework.boot.test.mock.mockito.ResetMocksTestExecutionListener, org.springframework.test.context.web.ServletTestExecutionListener, org.springframework.test.context.support.DirtiesContextBeforeModesTestExecutionListener, org.springframework.test.context.support.DependencyInjectionTestExecutionListener, org.springframework.test.context.support.DirtiesContextTestExecutionListener, org.springframework.test.context.transaction.TransactionalTestExecutionListener, org.springframework.test.context.jdbc.SqlScriptsTestExecutionListener, org.springframework.test.context.event.EventPublishingTestExecutionListener]
2021-04-09 06:07:42.516  INFO 5268 --- [    Test worker] .b.t.c.SpringBootTestContextBootstrapper : Using TestExecutionListeners: [org.springframework.test.context.web.ServletTestExecutionListener@7fb6c619, org.springframework.test.context.support.DirtiesContextBeforeModesTestExecutionListener@1a3b6a7a, org.springframework.boot.test.mock.mockito.MockitoTestExecutionListener@112a1fd6, org.springframework.boot.test.autoconfigure.SpringBootDependencyInjectionTestExecutionListener@40f0c44b, org.springframework.test.context.support.DirtiesContextTestExecutionListener@9bf5442, org.springframework.test.context.transaction.TransactionalTestExecutionListener@489687b5, org.springframework.test.context.jdbc.SqlScriptsTestExecutionListener@903f5de, org.springframework.security.test.context.support.WithSecurityContextTestExecutionListener@4f97ba29, org.springframework.test.context.event.EventPublishingTestExecutionListener@3c79eadd, org.springframework.security.test.context.support.ReactorContextTestExecutionListener@402e79c8, org.springframework.boot.test.autoconfigure.restdocs.RestDocsTestExecutionListener@5695d916, org.springframework.boot.test.autoconfigure.web.client.MockRestServiceServerResetTestExecutionListener@2421671f, org.springframework.boot.test.autoconfigure.web.servlet.MockMvcPrintOnlyOnFailureTestExecutionListener@577d5e44, org.springframework.boot.test.autoconfigure.web.servlet.WebDriverTestExecutionListener@64ae9d5a, org.springframework.boot.test.autoconfigure.webservices.client.MockWebServiceServerTestExecutionListener@1c0bb5b0, org.springframework.boot.test.mock.mockito.ResetMocksTestExecutionListener@33bd30b1]
2021-04-09 06:07:42.533  INFO 5268 --- [    Test worker] o.a.c.c.C.[Tomcat].[localhost].[/]       : Initializing Spring TestDispatcherServlet ''
2021-04-09 06:07:42.533  INFO 5268 --- [    Test worker] o.s.t.web.servlet.TestDispatcherServlet  : Initializing Servlet ''
2021-04-09 06:07:42.533  INFO 5268 --- [    Test worker] o.s.t.web.servlet.TestDispatcherServlet  : Completed initialization in 0 ms
Hibernate: insert into posts (created_date, modified_date, author, content, title) values (?, ?, ?, ?, ?)
Hibernate: select posts0_.id as id1_0_, posts0_.created_date as created_2_0_, posts0_.modified_date as modified3_0_, posts0_.author as author4_0_, posts0_.content as content5_0_, posts0_.title as title6_0_ from posts posts0_
Hibernate: select posts0_.id as id1_0_, posts0_.created_date as created_2_0_, posts0_.modified_date as modified3_0_, posts0_.author as author4_0_, posts0_.content as content5_0_, posts0_.title as title6_0_ from posts posts0_
Hibernate: delete from posts where id=?
2021-04-09 06:07:42.611  INFO 5268 --- [    Test worker] o.a.c.c.C.[Tomcat].[localhost].[/]       : Initializing Spring TestDispatcherServlet ''
2021-04-09 06:07:42.611  INFO 5268 --- [    Test worker] o.s.t.web.servlet.TestDispatcherServlet  : Initializing Servlet ''
2021-04-09 06:07:42.611  INFO 5268 --- [    Test worker] o.s.t.web.servlet.TestDispatcherServlet  : Completed initialization in 0 ms
Hibernate: insert into posts (created_date, modified_date, author, content, title) values (?, ?, ?, ?, ?)
Hibernate: select posts0_.id as id1_0_0_, posts0_.created_date as created_2_0_0_, posts0_.modified_date as modified3_0_0_, posts0_.author as author4_0_0_, posts0_.content as content5_0_0_, posts0_.title as title6_0_0_ from posts posts0_ where posts0_.id=?
Hibernate: update posts set created_date=?, modified_date=?, author=?, content=?, title=? where id=?
Hibernate: select posts0_.id as id1_0_, posts0_.created_date as created_2_0_, posts0_.modified_date as modified3_0_, posts0_.author as author4_0_, posts0_.content as content5_0_, posts0_.title as title6_0_ from posts posts0_
Hibernate: select posts0_.id as id1_0_, posts0_.created_date as created_2_0_, posts0_.modified_date as modified3_0_, posts0_.author as author4_0_, posts0_.content as content5_0_, posts0_.title as title6_0_ from posts posts0_
Hibernate: delete from posts where id=?
]]></system-out>
  <system-err><![CDATA[]]></system-err>
</testsuite>
