<?xml version="1.0" encoding="UTF-8"?>
<testsuite name="com.studymap.web.HelloControllerTest" tests="2" skipped="0" failures="0" errors="0" timestamp="2021-05-10T16:53:42" hostname="DESKTOP-LGJ8J91" time="0.3">
  <properties/>
  <testcase name="hello가_리턴된다()" classname="com.studymap.web.HelloControllerTest" time="0.133"/>
  <testcase name="helloDto가_리턴된다()" classname="com.studymap.web.HelloControllerTest" time="0.166"/>
  <system-out><![CDATA[2021-05-11 01:53:40.809  INFO 8568 --- [    Test worker] .b.t.a.w.s.WebMvcTestContextBootstrapper : Neither @ContextConfiguration nor @ContextHierarchy found for test class [com.studymap.web.HelloControllerTest], using SpringBootContextLoader
2021-05-11 01:53:40.814  INFO 8568 --- [    Test worker] o.s.t.c.support.AbstractContextLoader    : Could not detect default resource locations for test class [com.studymap.web.HelloControllerTest]: no resource found for suffixes {-context.xml, Context.groovy}.
2021-05-11 01:53:40.814  INFO 8568 --- [    Test worker] t.c.s.AnnotationConfigContextLoaderUtils : Could not detect default configuration classes for test class [com.studymap.web.HelloControllerTest]: HelloControllerTest does not declare any static, non-private, non-final, nested classes annotated with @Configuration.
2021-05-11 01:53:40.853  INFO 8568 --- [    Test worker] .b.t.c.SpringBootTestContextBootstrapper : Found @SpringBootConfiguration com.studymap.Application for test class com.studymap.web.HelloControllerTest
2021-05-11 01:53:40.855  INFO 8568 --- [    Test worker] .b.t.a.w.s.WebMvcTestContextBootstrapper : Loaded default TestExecutionListener class names from location [META-INF/spring.factories]: [org.springframework.security.test.context.support.WithSecurityContextTestExecutionListener, org.springframework.security.test.context.support.ReactorContextTestExecutionListener, org.springframework.boot.test.autoconfigure.restdocs.RestDocsTestExecutionListener, org.springframework.boot.test.autoconfigure.web.client.MockRestServiceServerResetTestExecutionListener, org.springframework.boot.test.autoconfigure.web.servlet.MockMvcPrintOnlyOnFailureTestExecutionListener, org.springframework.boot.test.autoconfigure.web.servlet.WebDriverTestExecutionListener, org.springframework.boot.test.autoconfigure.webservices.client.MockWebServiceServerTestExecutionListener, org.springframework.boot.test.mock.mockito.MockitoTestExecutionListener, org.springframework.boot.test.mock.mockito.ResetMocksTestExecutionListener, org.springframework.test.context.web.ServletTestExecutionListener, org.springframework.test.context.support.DirtiesContextBeforeModesTestExecutionListener, org.springframework.test.context.support.DependencyInjectionTestExecutionListener, org.springframework.test.context.support.DirtiesContextTestExecutionListener, org.springframework.test.context.transaction.TransactionalTestExecutionListener, org.springframework.test.context.jdbc.SqlScriptsTestExecutionListener, org.springframework.test.context.event.EventPublishingTestExecutionListener]
2021-05-11 01:53:40.858  INFO 8568 --- [    Test worker] .b.t.a.w.s.WebMvcTestContextBootstrapper : Using TestExecutionListeners: [org.springframework.test.context.web.ServletTestExecutionListener@3dadae7, org.springframework.test.context.support.DirtiesContextBeforeModesTestExecutionListener@72909a09, org.springframework.boot.test.mock.mockito.MockitoTestExecutionListener@221161fd, org.springframework.boot.test.autoconfigure.SpringBootDependencyInjectionTestExecutionListener@56ddec5, org.springframework.test.context.support.DirtiesContextTestExecutionListener@5035216d, org.springframework.test.context.transaction.TransactionalTestExecutionListener@2683a9b0, org.springframework.test.context.jdbc.SqlScriptsTestExecutionListener@f343a14, org.springframework.security.test.context.support.WithSecurityContextTestExecutionListener@644446c1, org.springframework.test.context.event.EventPublishingTestExecutionListener@1d033d6d, org.springframework.security.test.context.support.ReactorContextTestExecutionListener@26f6d954, org.springframework.boot.test.autoconfigure.restdocs.RestDocsTestExecutionListener@83ca304, org.springframework.boot.test.autoconfigure.web.client.MockRestServiceServerResetTestExecutionListener@4e089e8c, org.springframework.boot.test.autoconfigure.web.servlet.MockMvcPrintOnlyOnFailureTestExecutionListener@4ae42a75, org.springframework.boot.test.autoconfigure.web.servlet.WebDriverTestExecutionListener@5a486604, org.springframework.boot.test.autoconfigure.webservices.client.MockWebServiceServerTestExecutionListener@3781daca, org.springframework.boot.test.mock.mockito.ResetMocksTestExecutionListener@3d77de48]

  .   ____          _            __ _ _
 /\\ / ___'_ __ _ _(_)_ __  __ _ \ \ \ \
( ( )\___ | '_ | '_| | '_ \/ _` | \ \ \ \
 \\/  ___)| |_)| | | | | || (_| |  ) ) ) )
  '  |____| .__|_| |_|_| |_\__, | / / / /
 =========|_|==============|___/=/_/_/_/
 :: Spring Boot ::                (v2.4.1)

2021-05-11 01:53:40.933  INFO 8568 --- [    Test worker] com.studymap.web.HelloControllerTest     : Starting HelloControllerTest using Java 1.8.0_271 on DESKTOP-LGJ8J91 with PID 8568 (started by user in C:\Users\user\Desktop\스터티 프젝\intellij_smap)
2021-05-11 01:53:40.938  INFO 8568 --- [    Test worker] com.studymap.web.HelloControllerTest     : No active profile set, falling back to default profiles: default
2021-05-11 01:53:41.771  INFO 8568 --- [    Test worker] o.s.s.concurrent.ThreadPoolTaskExecutor  : Initializing ExecutorService 'applicationTaskExecutor'
2021-05-11 01:53:41.850  INFO 8568 --- [    Test worker] o.s.b.a.w.s.WelcomePageHandlerMapping    : Adding welcome page template: index
2021-05-11 01:53:42.601  INFO 8568 --- [    Test worker] o.s.s.web.DefaultSecurityFilterChain     : Will secure any request with [org.springframework.security.web.context.request.async.WebAsyncManagerIntegrationFilter@73d89a54, org.springframework.security.web.context.SecurityContextPersistenceFilter@1b00eaf8, org.springframework.security.web.header.HeaderWriterFilter@3e436eb4, org.springframework.security.web.csrf.CsrfFilter@278dd504, org.springframework.security.web.authentication.logout.LogoutFilter@77a56dbb, org.springframework.security.oauth2.client.web.OAuth2AuthorizationRequestRedirectFilter@7154cd39, org.springframework.security.oauth2.client.web.OAuth2AuthorizationRequestRedirectFilter@463b3dc7, org.springframework.security.oauth2.client.web.OAuth2LoginAuthenticationFilter@109ebff2, org.springframework.security.web.authentication.ui.DefaultLoginPageGeneratingFilter@15cf388c, org.springframework.security.web.authentication.ui.DefaultLogoutPageGeneratingFilter@2d5d467d, org.springframework.security.web.savedrequest.RequestCacheAwareFilter@4494d390, org.springframework.security.web.servletapi.SecurityContextHolderAwareRequestFilter@61073378, org.springframework.security.web.authentication.AnonymousAuthenticationFilter@44e27984, org.springframework.security.oauth2.client.web.OAuth2AuthorizationCodeGrantFilter@75b38cae, org.springframework.security.web.session.SessionManagementFilter@77afa98d, org.springframework.security.web.access.ExceptionTranslationFilter@5a80b979, org.springframework.security.web.access.intercept.FilterSecurityInterceptor@66e5c2fe]
2021-05-11 01:53:42.811  INFO 8568 --- [    Test worker] o.s.b.t.m.w.SpringBootMockServletContext : Initializing Spring TestDispatcherServlet ''
2021-05-11 01:53:42.811  INFO 8568 --- [    Test worker] o.s.t.web.servlet.TestDispatcherServlet  : Initializing Servlet ''
2021-05-11 01:53:42.812  INFO 8568 --- [    Test worker] o.s.t.web.servlet.TestDispatcherServlet  : Completed initialization in 1 ms
2021-05-11 01:53:42.850  INFO 8568 --- [    Test worker] com.studymap.web.HelloControllerTest     : Started HelloControllerTest in 1.986 seconds (JVM running for 15.577)
]]></system-out>
  <system-err><![CDATA[]]></system-err>
</testsuite>
