<?xml version="1.0" encoding="UTF-8"?>
<testsuite name="com.studymap.web.HelloControllerTest" tests="2" skipped="0" failures="0" errors="0" timestamp="2021-04-12T13:36:05" hostname="DESKTOP-LGJ8J91" time="0.335">
  <properties/>
  <testcase name="hello가_리턴된다()" classname="com.studymap.web.HelloControllerTest" time="0.149"/>
  <testcase name="helloDto가_리턴된다()" classname="com.studymap.web.HelloControllerTest" time="0.185"/>
  <system-out><![CDATA[2021-04-12 22:36:03.567  INFO 11624 --- [    Test worker] .b.t.a.w.s.WebMvcTestContextBootstrapper : Neither @ContextConfiguration nor @ContextHierarchy found for test class [com.studymap.web.HelloControllerTest], using SpringBootContextLoader
2021-04-12 22:36:03.569  INFO 11624 --- [    Test worker] o.s.t.c.support.AbstractContextLoader    : Could not detect default resource locations for test class [com.studymap.web.HelloControllerTest]: no resource found for suffixes {-context.xml, Context.groovy}.
2021-04-12 22:36:03.570  INFO 11624 --- [    Test worker] t.c.s.AnnotationConfigContextLoaderUtils : Could not detect default configuration classes for test class [com.studymap.web.HelloControllerTest]: HelloControllerTest does not declare any static, non-private, non-final, nested classes annotated with @Configuration.
2021-04-12 22:36:03.607  INFO 11624 --- [    Test worker] .b.t.c.SpringBootTestContextBootstrapper : Found @SpringBootConfiguration com.studymap.Application for test class com.studymap.web.HelloControllerTest
2021-04-12 22:36:03.609  INFO 11624 --- [    Test worker] .b.t.a.w.s.WebMvcTestContextBootstrapper : Loaded default TestExecutionListener class names from location [META-INF/spring.factories]: [org.springframework.security.test.context.support.WithSecurityContextTestExecutionListener, org.springframework.security.test.context.support.ReactorContextTestExecutionListener, org.springframework.boot.test.autoconfigure.restdocs.RestDocsTestExecutionListener, org.springframework.boot.test.autoconfigure.web.client.MockRestServiceServerResetTestExecutionListener, org.springframework.boot.test.autoconfigure.web.servlet.MockMvcPrintOnlyOnFailureTestExecutionListener, org.springframework.boot.test.autoconfigure.web.servlet.WebDriverTestExecutionListener, org.springframework.boot.test.autoconfigure.webservices.client.MockWebServiceServerTestExecutionListener, org.springframework.boot.test.mock.mockito.MockitoTestExecutionListener, org.springframework.boot.test.mock.mockito.ResetMocksTestExecutionListener, org.springframework.test.context.web.ServletTestExecutionListener, org.springframework.test.context.support.DirtiesContextBeforeModesTestExecutionListener, org.springframework.test.context.support.DependencyInjectionTestExecutionListener, org.springframework.test.context.support.DirtiesContextTestExecutionListener, org.springframework.test.context.transaction.TransactionalTestExecutionListener, org.springframework.test.context.jdbc.SqlScriptsTestExecutionListener, org.springframework.test.context.event.EventPublishingTestExecutionListener]
2021-04-12 22:36:03.611  INFO 11624 --- [    Test worker] .b.t.a.w.s.WebMvcTestContextBootstrapper : Using TestExecutionListeners: [org.springframework.test.context.web.ServletTestExecutionListener@1cadc84c, org.springframework.test.context.support.DirtiesContextBeforeModesTestExecutionListener@7e4ef219, org.springframework.boot.test.mock.mockito.MockitoTestExecutionListener@3f3f6f1f, org.springframework.boot.test.autoconfigure.SpringBootDependencyInjectionTestExecutionListener@4a72398, org.springframework.test.context.support.DirtiesContextTestExecutionListener@763a64e8, org.springframework.test.context.transaction.TransactionalTestExecutionListener@7fed8e0c, org.springframework.test.context.jdbc.SqlScriptsTestExecutionListener@3bee5179, org.springframework.security.test.context.support.WithSecurityContextTestExecutionListener@6680e7f, org.springframework.test.context.event.EventPublishingTestExecutionListener@23d0377e, org.springframework.security.test.context.support.ReactorContextTestExecutionListener@305e50e6, org.springframework.boot.test.autoconfigure.restdocs.RestDocsTestExecutionListener@7972ba0d, org.springframework.boot.test.autoconfigure.web.client.MockRestServiceServerResetTestExecutionListener@3f2f48aa, org.springframework.boot.test.autoconfigure.web.servlet.MockMvcPrintOnlyOnFailureTestExecutionListener@1d66f3f6, org.springframework.boot.test.autoconfigure.web.servlet.WebDriverTestExecutionListener@5ffd59dc, org.springframework.boot.test.autoconfigure.webservices.client.MockWebServiceServerTestExecutionListener@333332fc, org.springframework.boot.test.mock.mockito.ResetMocksTestExecutionListener@769c5628]

  .   ____          _            __ _ _
 /\\ / ___'_ __ _ _(_)_ __  __ _ \ \ \ \
( ( )\___ | '_ | '_| | '_ \/ _` | \ \ \ \
 \\/  ___)| |_)| | | | | || (_| |  ) ) ) )
  '  |____| .__|_| |_|_| |_\__, | / / / /
 =========|_|==============|___/=/_/_/_/
 :: Spring Boot ::                (v2.4.1)

2021-04-12 22:36:03.661  INFO 11624 --- [    Test worker] com.studymap.web.HelloControllerTest     : Starting HelloControllerTest using Java 1.8.0_271 on DESKTOP-LGJ8J91 with PID 11624 (started by user in C:\Users\user\Desktop\스터티 프젝\intellij_smap)
2021-04-12 22:36:03.662  INFO 11624 --- [    Test worker] com.studymap.web.HelloControllerTest     : No active profile set, falling back to default profiles: default
2021-04-12 22:36:04.470  INFO 11624 --- [    Test worker] o.s.s.concurrent.ThreadPoolTaskExecutor  : Initializing ExecutorService 'applicationTaskExecutor'
2021-04-12 22:36:04.556  INFO 11624 --- [    Test worker] o.s.b.a.w.s.WelcomePageHandlerMapping    : Adding welcome page template: index
2021-04-12 22:36:05.232  INFO 11624 --- [    Test worker] o.s.s.web.DefaultSecurityFilterChain     : Will secure any request with [org.springframework.security.web.context.request.async.WebAsyncManagerIntegrationFilter@55c9b5f3, org.springframework.security.web.context.SecurityContextPersistenceFilter@402b5db0, org.springframework.security.web.header.HeaderWriterFilter@3c084fdf, org.springframework.security.web.csrf.CsrfFilter@e05402a, org.springframework.security.web.authentication.logout.LogoutFilter@1cb301c6, org.springframework.security.oauth2.client.web.OAuth2AuthorizationRequestRedirectFilter@540848fe, org.springframework.security.oauth2.client.web.OAuth2AuthorizationRequestRedirectFilter@74252ea2, org.springframework.security.oauth2.client.web.OAuth2LoginAuthenticationFilter@48d348d1, org.springframework.security.web.authentication.ui.DefaultLoginPageGeneratingFilter@9cea14c, org.springframework.security.web.authentication.ui.DefaultLogoutPageGeneratingFilter@396f1b8a, org.springframework.security.web.savedrequest.RequestCacheAwareFilter@2276e3c7, org.springframework.security.web.servletapi.SecurityContextHolderAwareRequestFilter@5c7e36e1, org.springframework.security.web.authentication.AnonymousAuthenticationFilter@fdd0056, org.springframework.security.oauth2.client.web.OAuth2AuthorizationCodeGrantFilter@c874079, org.springframework.security.web.session.SessionManagementFilter@18a85c64, org.springframework.security.web.access.ExceptionTranslationFilter@6430c1eb, org.springframework.security.web.access.intercept.FilterSecurityInterceptor@22e94c1e]
2021-04-12 22:36:05.414  INFO 11624 --- [    Test worker] o.s.b.t.m.w.SpringBootMockServletContext : Initializing Spring TestDispatcherServlet ''
2021-04-12 22:36:05.415  INFO 11624 --- [    Test worker] o.s.t.web.servlet.TestDispatcherServlet  : Initializing Servlet ''
2021-04-12 22:36:05.416  INFO 11624 --- [    Test worker] o.s.t.web.servlet.TestDispatcherServlet  : Completed initialization in 1 ms
2021-04-12 22:36:05.446  INFO 11624 --- [    Test worker] com.studymap.web.HelloControllerTest     : Started HelloControllerTest in 1.829 seconds (JVM running for 16.278)
]]></system-out>
  <system-err><![CDATA[]]></system-err>
</testsuite>
