<?xml version="1.0" encoding="UTF-8"?>
<testsuite name="com.studymap.domain.posts.PostsRepositoryTest" tests="2" skipped="0" failures="0" errors="0" timestamp="2021-04-08T21:07:41" hostname="LAPTOP-0H2LH4CP" time="0.166">
  <properties/>
  <testcase name="BaseEntity_등록()" classname="com.studymap.domain.posts.PostsRepositoryTest" time="0.153"/>
  <testcase name="게시글저장_불러오기()" classname="com.studymap.domain.posts.PostsRepositoryTest" time="0.012"/>
  <system-out><![CDATA[2021-04-09 06:07:39.362  INFO 5268 --- [    Test worker] .b.t.c.SpringBootTestContextBootstrapper : Neither @ContextConfiguration nor @ContextHierarchy found for test class [com.studymap.domain.posts.PostsRepositoryTest], using SpringBootContextLoader
2021-04-09 06:07:39.362  INFO 5268 --- [    Test worker] o.s.t.c.support.AbstractContextLoader    : Could not detect default resource locations for test class [com.studymap.domain.posts.PostsRepositoryTest]: no resource found for suffixes {-context.xml, Context.groovy}.
2021-04-09 06:07:39.362  INFO 5268 --- [    Test worker] t.c.s.AnnotationConfigContextLoaderUtils : Could not detect default configuration classes for test class [com.studymap.domain.posts.PostsRepositoryTest]: PostsRepositoryTest does not declare any static, non-private, non-final, nested classes annotated with @Configuration.
2021-04-09 06:07:39.378  INFO 5268 --- [    Test worker] .b.t.c.SpringBootTestContextBootstrapper : Found @SpringBootConfiguration com.studymap.Application for test class com.studymap.domain.posts.PostsRepositoryTest
2021-04-09 06:07:39.393  INFO 5268 --- [    Test worker] .b.t.c.SpringBootTestContextBootstrapper : Loaded default TestExecutionListener class names from location [META-INF/spring.factories]: [org.springframework.security.test.context.support.WithSecurityContextTestExecutionListener, org.springframework.security.test.context.support.ReactorContextTestExecutionListener, org.springframework.boot.test.autoconfigure.restdocs.RestDocsTestExecutionListener, org.springframework.boot.test.autoconfigure.web.client.MockRestServiceServerResetTestExecutionListener, org.springframework.boot.test.autoconfigure.web.servlet.MockMvcPrintOnlyOnFailureTestExecutionListener, org.springframework.boot.test.autoconfigure.web.servlet.WebDriverTestExecutionListener, org.springframework.boot.test.autoconfigure.webservices.client.MockWebServiceServerTestExecutionListener, org.springframework.boot.test.mock.mockito.MockitoTestExecutionListener, org.springframework.boot.test.mock.mockito.ResetMocksTestExecutionListener, org.springframework.test.context.web.ServletTestExecutionListener, org.springframework.test.context.support.DirtiesContextBeforeModesTestExecutionListener, org.springframework.test.context.support.DependencyInjectionTestExecutionListener, org.springframework.test.context.support.DirtiesContextTestExecutionListener, org.springframework.test.context.transaction.TransactionalTestExecutionListener, org.springframework.test.context.jdbc.SqlScriptsTestExecutionListener, org.springframework.test.context.event.EventPublishingTestExecutionListener]
2021-04-09 06:07:39.393  INFO 5268 --- [    Test worker] .b.t.c.SpringBootTestContextBootstrapper : Using TestExecutionListeners: [org.springframework.test.context.web.ServletTestExecutionListener@45fdb0d6, org.springframework.test.context.support.DirtiesContextBeforeModesTestExecutionListener@2718976a, org.springframework.boot.test.mock.mockito.MockitoTestExecutionListener@f658bac, org.springframework.boot.test.autoconfigure.SpringBootDependencyInjectionTestExecutionListener@5466e2a1, org.springframework.test.context.support.DirtiesContextTestExecutionListener@7cb583fb, org.springframework.test.context.transaction.TransactionalTestExecutionListener@1f75e8c0, org.springframework.test.context.jdbc.SqlScriptsTestExecutionListener@3c6e3869, org.springframework.security.test.context.support.WithSecurityContextTestExecutionListener@5ffea6af, org.springframework.test.context.event.EventPublishingTestExecutionListener@f844cf0, org.springframework.security.test.context.support.ReactorContextTestExecutionListener@3f079628, org.springframework.boot.test.autoconfigure.restdocs.RestDocsTestExecutionListener@72e75cd1, org.springframework.boot.test.autoconfigure.web.client.MockRestServiceServerResetTestExecutionListener@580657fc, org.springframework.boot.test.autoconfigure.web.servlet.MockMvcPrintOnlyOnFailureTestExecutionListener@75c863c0, org.springframework.boot.test.autoconfigure.web.servlet.WebDriverTestExecutionListener@76fd1d87, org.springframework.boot.test.autoconfigure.webservices.client.MockWebServiceServerTestExecutionListener@3e34c65d, org.springframework.boot.test.mock.mockito.ResetMocksTestExecutionListener@5467dfd0]

  .   ____          _            __ _ _
 /\\ / ___'_ __ _ _(_)_ __  __ _ \ \ \ \
( ( )\___ | '_ | '_| | '_ \/ _` | \ \ \ \
 \\/  ___)| |_)| | | | | || (_| |  ) ) ) )
  '  |____| .__|_| |_|_| |_\__, | / / / /
 =========|_|==============|___/=/_/_/_/
 :: Spring Boot ::                (v2.4.1)

2021-04-09 06:07:39.425  INFO 5268 --- [    Test worker] c.s.domain.posts.PostsRepositoryTest     : Starting PostsRepositoryTest using Java 1.8.0_271 on LAPTOP-0H2LH4CP with PID 5268 (started by user in C:\Users\user\Desktop\ITC\개인 프로젝트\인텔리제이smap)
2021-04-09 06:07:39.440  INFO 5268 --- [    Test worker] c.s.domain.posts.PostsRepositoryTest     : No active profile set, falling back to default profiles: default
2021-04-09 06:07:39.777  INFO 5268 --- [    Test worker] .s.d.r.c.RepositoryConfigurationDelegate : Bootstrapping Spring Data JPA repositories in DEFAULT mode.
2021-04-09 06:07:39.825  INFO 5268 --- [    Test worker] .s.d.r.c.RepositoryConfigurationDelegate : Finished Spring Data repository scanning in 50 ms. Found 2 JPA repository interfaces.
2021-04-09 06:07:40.012  INFO 5268 --- [    Test worker] com.zaxxer.hikari.HikariDataSource       : HikariPool-2 - Starting...
2021-04-09 06:07:40.012  INFO 5268 --- [    Test worker] com.zaxxer.hikari.HikariDataSource       : HikariPool-2 - Start completed.
2021-04-09 06:07:40.059  INFO 5268 --- [    Test worker] o.hibernate.jpa.internal.util.LogHelper  : HHH000204: Processing PersistenceUnitInfo [name: default]
2021-04-09 06:07:40.059  INFO 5268 --- [    Test worker] org.hibernate.dialect.Dialect            : HHH000400: Using dialect: org.hibernate.dialect.MySQL57Dialect
Hibernate: drop table if exists posts
Hibernate: drop table if exists user
Hibernate: create table posts (id bigint not null auto_increment, created_date datetime(6), modified_date datetime(6), author varchar(255), content TEXT not null, title varchar(500) not null, primary key (id)) engine=InnoDB
Hibernate: create table user (id bigint not null auto_increment, created_date datetime(6), modified_date datetime(6), email varchar(255) not null, name varchar(255) not null, picture varchar(255), role varchar(255) not null, primary key (id)) engine=InnoDB
2021-04-09 06:07:40.106  INFO 5268 --- [    Test worker] o.h.e.t.j.p.i.JtaPlatformInitiator       : HHH000490: Using JtaPlatform implementation: [org.hibernate.engine.transaction.jta.platform.internal.NoJtaPlatform]
2021-04-09 06:07:40.106  INFO 5268 --- [    Test worker] j.LocalContainerEntityManagerFactoryBean : Initialized JPA EntityManagerFactory for persistence unit 'default'
2021-04-09 06:07:40.246  WARN 5268 --- [    Test worker] JpaBaseConfiguration$JpaWebConfiguration : spring.jpa.open-in-view is enabled by default. Therefore, database queries may be performed during view rendering. Explicitly configure spring.jpa.open-in-view to disable this warning
2021-04-09 06:07:40.512  INFO 5268 --- [    Test worker] o.s.s.web.DefaultSecurityFilterChain     : Will secure any request with [org.springframework.security.web.context.request.async.WebAsyncManagerIntegrationFilter@752b7975, org.springframework.security.web.context.SecurityContextPersistenceFilter@16acea9c, org.springframework.security.web.header.HeaderWriterFilter@55aba7ac, org.springframework.security.web.authentication.logout.LogoutFilter@3f14079d, org.springframework.security.oauth2.client.web.OAuth2AuthorizationRequestRedirectFilter@430ddc5c, org.springframework.security.oauth2.client.web.OAuth2LoginAuthenticationFilter@701b855a, org.springframework.security.web.authentication.ui.DefaultLoginPageGeneratingFilter@71652411, org.springframework.security.web.authentication.ui.DefaultLogoutPageGeneratingFilter@764b59f8, org.springframework.security.web.savedrequest.RequestCacheAwareFilter@2f4200b3, org.springframework.security.web.servletapi.SecurityContextHolderAwareRequestFilter@275c4430, org.springframework.security.web.authentication.AnonymousAuthenticationFilter@5b899451, org.springframework.security.web.session.SessionManagementFilter@5e7103c1, org.springframework.security.web.access.ExceptionTranslationFilter@55ed9745, org.springframework.security.web.access.intercept.FilterSecurityInterceptor@64cce5e5]
2021-04-09 06:07:40.754  INFO 5268 --- [    Test worker] o.s.s.concurrent.ThreadPoolTaskExecutor  : Initializing ExecutorService 'applicationTaskExecutor'
2021-04-09 06:07:40.770  INFO 5268 --- [    Test worker] o.s.b.a.h2.H2ConsoleAutoConfiguration    : H2 console available at '/h2-console'. Database available at 'jdbc:h2:mem:testdb'
2021-04-09 06:07:40.801  INFO 5268 --- [    Test worker] o.s.b.a.w.s.WelcomePageHandlerMapping    : Adding welcome page template: index
2021-04-09 06:07:41.117  INFO 5268 --- [    Test worker] s.a.ScheduledAnnotationBeanPostProcessor : No TaskScheduler/ScheduledExecutorService bean found for scheduled processing
2021-04-09 06:07:41.117  INFO 5268 --- [    Test worker] c.s.domain.posts.PostsRepositoryTest     : Started PostsRepositoryTest in 1.724 seconds (JVM running for 10.733)
Hibernate: insert into posts (created_date, modified_date, author, content, title) values (?, ?, ?, ?, ?)
Hibernate: select posts0_.id as id1_0_, posts0_.created_date as created_2_0_, posts0_.modified_date as modified3_0_, posts0_.author as author4_0_, posts0_.content as content5_0_, posts0_.title as title6_0_ from posts posts0_
>>>>>>>>>>>>>>>>>>> createDate = 2021-04-09T06:07:41.163,modifiedDate=2021-04-09T06:07:41.163
Hibernate: select posts0_.id as id1_0_, posts0_.created_date as created_2_0_, posts0_.modified_date as modified3_0_, posts0_.author as author4_0_, posts0_.content as content5_0_, posts0_.title as title6_0_ from posts posts0_
Hibernate: delete from posts where id=?
Hibernate: insert into posts (created_date, modified_date, author, content, title) values (?, ?, ?, ?, ?)
Hibernate: select posts0_.id as id1_0_, posts0_.created_date as created_2_0_, posts0_.modified_date as modified3_0_, posts0_.author as author4_0_, posts0_.content as content5_0_, posts0_.title as title6_0_ from posts posts0_
Hibernate: select posts0_.id as id1_0_, posts0_.created_date as created_2_0_, posts0_.modified_date as modified3_0_, posts0_.author as author4_0_, posts0_.content as content5_0_, posts0_.title as title6_0_ from posts posts0_
Hibernate: delete from posts where id=?
]]></system-out>
  <system-err><![CDATA[]]></system-err>
</testsuite>
